<?xml version="1.0" encoding="UTF-8"?>
<!-- Generated by org.testng.reporters.JUnitXMLReporter -->
<testsuite hostname="gourav.singh" ignored="1" name="Default test" tests="1" failures="0" timestamp="08 Sep 2018 12:07:16 GMT" time="1.694" errors="0">
  <testcase name="getSingleCommitComment" time="1.673" classname="com.ce.apitesting.SimpleGetRequest"/>
  <testcase name="listAllLabelsOfRepo" time="0.0" classname="com.ce.apitesting.SimpleGetRequest">
    <ignored/>
  </testcase> <!-- listAllLabelsOfRepo -->
</testsuite> <!-- Default test -->
