<?xml version="1.0" encoding="UTF-8"?>
<!-- Generated by org.testng.reporters.JUnitXMLReporter -->
<testsuite hostname="gourav.singh" ignored="0" name="Default test" tests="3" failures="0" timestamp="08 Sep 2018 16:13:16 GMT" time="6.101" errors="0">
  <testcase name="listAllLabelsOfRepo" time="2.94" classname="com.ce.apitesting.GithubApiTest"/>
  <testcase name="listAllLabelsOfRepoAssertions" time="1.568" classname="com.ce.apitesting.GithubApiTest"/>
  <testcase name="listBranches" time="1.545" classname="com.ce.apitesting.GithubApiTest"/>
</testsuite> <!-- Default test -->
