<?xml version="1.0" encoding="UTF-8"?>
<testng-results skipped="0" failed="0" ignored="1" total="2" passed="1">
  <reporter-output>
  </reporter-output>
  <suite name="Default suite" duration-ms="1694" started-at="2018-09-08T12:07:14Z" finished-at="2018-09-08T12:07:16Z">
    <groups>
    </groups>
    <test name="Default test" duration-ms="1694" started-at="2018-09-08T12:07:14Z" finished-at="2018-09-08T12:07:16Z">
      <class name="com.ce.apitesting.SimpleGetRequest">
        <test-method status="PASS" signature="login()[pri:0, instance:com.ce.apitesting.SimpleGetRequest@475530b9]" name="login" is-config="true" duration-ms="3258" started-at="2018-09-08T12:07:11Z" finished-at="2018-09-08T12:07:14Z">
          <reporter-output>
          </reporter-output>
        </test-method> <!-- login -->
        <test-method status="PASS" signature="getSingleCommitComment()[pri:0, instance:com.ce.apitesting.SimpleGetRequest@475530b9]" name="getSingleCommitComment" duration-ms="1673" started-at="2018-09-08T12:07:14Z" finished-at="2018-09-08T12:07:16Z">
          <reporter-output>
          </reporter-output>
        </test-method> <!-- getSingleCommitComment -->
      </class> <!-- com.ce.apitesting.SimpleGetRequest -->
    </test> <!-- Default test -->
  </suite> <!-- Default suite -->
</testng-results>
