<?xml version="1.0" encoding="UTF-8"?>
<testng-results skipped="0" failed="0" ignored="5" total="6" passed="1">
  <reporter-output>
  </reporter-output>
  <suite name="Default suite" duration-ms="2133" started-at="2018-09-10T09:04:22Z" finished-at="2018-09-10T09:04:25Z">
    <groups>
    </groups>
    <test name="Default test" duration-ms="2133" started-at="2018-09-10T09:04:22Z" finished-at="2018-09-10T09:04:25Z">
      <class name="com.ce.apitesting.SampleGetRequestTest">
        <test-method status="PASS" signature="login()[pri:0, instance:com.ce.apitesting.SampleGetRequestTest@26be92ad]" name="login" is-config="true" duration-ms="3186" started-at="2018-09-10T09:04:19Z" finished-at="2018-09-10T09:04:22Z">
          <reporter-output>
          </reporter-output>
        </test-method> <!-- login -->
        <test-method status="PASS" signature="sampleGetRequestWithExtract()[pri:0, instance:com.ce.apitesting.SampleGetRequestTest@26be92ad]" name="sampleGetRequestWithExtract" duration-ms="2110" started-at="2018-09-10T09:04:22Z" finished-at="2018-09-10T09:04:25Z">
          <reporter-output>
          </reporter-output>
        </test-method> <!-- sampleGetRequestWithExtract -->
      </class> <!-- com.ce.apitesting.SampleGetRequestTest -->
    </test> <!-- Default test -->
  </suite> <!-- Default suite -->
</testng-results>
